[0.375s] Invoking command in '/home/alfredo/Documents/TE3003B/Week 1/Challenge/Puzzlebot_Gazebo_Simulator/build/puzzlebot_gazebo': PYTHONPATH=/home/alfredo/Documents/TE3003B/Week 1/Challenge/Puzzlebot_Gazebo_Simulator/build/puzzlebot_gazebo/prefix_override:/home/alfredo/Documents/TE3003B/Week 1/Challenge/Puzzlebot_Gazebo_Simulator/install/puzzlebot_gazebo/lib/python3.8/site-packages:${PYTHONPATH} /usr/bin/python3 setup.py develop --editable --build-directory /home/alfredo/Documents/TE3003B/Week 1/Challenge/Puzzlebot_Gazebo_Simulator/build/puzzlebot_gazebo/build --no-deps install_data
[0.501s] running develop
[0.572s] running egg_info
[0.572s] writing puzzlebot_gazebo.egg-info/PKG-INFO
[0.572s] writing dependency_links to puzzlebot_gazebo.egg-info/dependency_links.txt
[0.572s] writing entry points to puzzlebot_gazebo.egg-info/entry_points.txt
[0.572s] writing requirements to puzzlebot_gazebo.egg-info/requires.txt
[0.572s] writing top-level names to puzzlebot_gazebo.egg-info/top_level.txt
[0.592s] reading manifest file 'puzzlebot_gazebo.egg-info/SOURCES.txt'
[0.592s] writing manifest file 'puzzlebot_gazebo.egg-info/SOURCES.txt'
[0.612s] running build_ext
[0.612s] Creating /home/alfredo/Documents/TE3003B/Week 1/Challenge/Puzzlebot_Gazebo_Simulator/install/puzzlebot_gazebo/lib/python3.8/site-packages/puzzlebot-gazebo.egg-link (link to .)
[0.613s] Installing tf_map script to /home/alfredo/Documents/TE3003B/Week 1/Challenge/Puzzlebot_Gazebo_Simulator/install/puzzlebot_gazebo/lib/puzzlebot_gazebo
[0.613s] 
[0.613s] Installed /home/alfredo/Documents/TE3003B/Week 1/Challenge/Puzzlebot_Gazebo_Simulator/build/puzzlebot_gazebo
[0.613s] running install_data
[0.613s] copying launch/spawn_puzzlebot_gazebo.launch -> /home/alfredo/Documents/TE3003B/Week 1/Challenge/Puzzlebot_Gazebo_Simulator/install/puzzlebot_gazebo/share/puzzlebot_gazebo/launch
[0.613s] copying launch/puzzlebot_gazebo.launch -> /home/alfredo/Documents/TE3003B/Week 1/Challenge/Puzzlebot_Gazebo_Simulator/install/puzzlebot_gazebo/share/puzzlebot_gazebo/launch
[0.613s] copying launch/puzzlebot_joints_test.launch -> /home/alfredo/Documents/TE3003B/Week 1/Challenge/Puzzlebot_Gazebo_Simulator/install/puzzlebot_gazebo/share/puzzlebot_gazebo/launch
[0.630s] Invoked command in '/home/alfredo/Documents/TE3003B/Week 1/Challenge/Puzzlebot_Gazebo_Simulator/build/puzzlebot_gazebo' returned '0': PYTHONPATH=/home/alfredo/Documents/TE3003B/Week 1/Challenge/Puzzlebot_Gazebo_Simulator/build/puzzlebot_gazebo/prefix_override:/home/alfredo/Documents/TE3003B/Week 1/Challenge/Puzzlebot_Gazebo_Simulator/install/puzzlebot_gazebo/lib/python3.8/site-packages:${PYTHONPATH} /usr/bin/python3 setup.py develop --editable --build-directory /home/alfredo/Documents/TE3003B/Week 1/Challenge/Puzzlebot_Gazebo_Simulator/build/puzzlebot_gazebo/build --no-deps install_data
