running develop
running egg_info
writing puzzlebot_gazebo.egg-info/PKG-INFO
writing dependency_links to puzzlebot_gazebo.egg-info/dependency_links.txt
writing entry points to puzzlebot_gazebo.egg-info/entry_points.txt
writing requirements to puzzlebot_gazebo.egg-info/requires.txt
writing top-level names to puzzlebot_gazebo.egg-info/top_level.txt
reading manifest file 'puzzlebot_gazebo.egg-info/SOURCES.txt'
writing manifest file 'puzzlebot_gazebo.egg-info/SOURCES.txt'
running build_ext
Creating /home/alfredo/Documents/TE3003B/Week 1/Challenge/Puzzlebot_Gazebo_Simulator/install/puzzlebot_gazebo/lib/python3.8/site-packages/puzzlebot-gazebo.egg-link (link to .)
Installing tf_map script to /home/alfredo/Documents/TE3003B/Week 1/Challenge/Puzzlebot_Gazebo_Simulator/install/puzzlebot_gazebo/lib/puzzlebot_gazebo

Installed /home/alfredo/Documents/TE3003B/Week 1/Challenge/Puzzlebot_Gazebo_Simulator/build/puzzlebot_gazebo
running install_data
creating /home/alfredo/Documents/TE3003B/Week 1/Challenge/Puzzlebot_Gazebo_Simulator/install/puzzlebot_gazebo/share/puzzlebot_gazebo/urdf
copying urdf/macros.xacro -> /home/alfredo/Documents/TE3003B/Week 1/Challenge/Puzzlebot_Gazebo_Simulator/install/puzzlebot_gazebo/share/puzzlebot_gazebo/urdf
copying urdf/parameters.xacro -> /home/alfredo/Documents/TE3003B/Week 1/Challenge/Puzzlebot_Gazebo_Simulator/install/puzzlebot_gazebo/share/puzzlebot_gazebo/urdf
copying urdf/materials.xacro -> /home/alfredo/Documents/TE3003B/Week 1/Challenge/Puzzlebot_Gazebo_Simulator/install/puzzlebot_gazebo/share/puzzlebot_gazebo/urdf
copying urdf/puzzlebot.xacro -> /home/alfredo/Documents/TE3003B/Week 1/Challenge/Puzzlebot_Gazebo_Simulator/install/puzzlebot_gazebo/share/puzzlebot_gazebo/urdf
creating /home/alfredo/Documents/TE3003B/Week 1/Challenge/Puzzlebot_Gazebo_Simulator/install/puzzlebot_gazebo/share/puzzlebot_gazebo/meshes
copying meshes/wheel.stl -> /home/alfredo/Documents/TE3003B/Week 1/Challenge/Puzzlebot_Gazebo_Simulator/install/puzzlebot_gazebo/share/puzzlebot_gazebo/meshes
copying meshes/chassis.stl -> /home/alfredo/Documents/TE3003B/Week 1/Challenge/Puzzlebot_Gazebo_Simulator/install/puzzlebot_gazebo/share/puzzlebot_gazebo/meshes
copying meshes/camera.stl -> /home/alfredo/Documents/TE3003B/Week 1/Challenge/Puzzlebot_Gazebo_Simulator/install/puzzlebot_gazebo/share/puzzlebot_gazebo/meshes
