running develop
running egg_info
creating puzzlebot_gazebo.egg-info
writing puzzlebot_gazebo.egg-info/PKG-INFO
writing dependency_links to puzzlebot_gazebo.egg-info/dependency_links.txt
writing entry points to puzzlebot_gazebo.egg-info/entry_points.txt
writing requirements to puzzlebot_gazebo.egg-info/requires.txt
writing top-level names to puzzlebot_gazebo.egg-info/top_level.txt
writing manifest file 'puzzlebot_gazebo.egg-info/SOURCES.txt'
reading manifest file 'puzzlebot_gazebo.egg-info/SOURCES.txt'
writing manifest file 'puzzlebot_gazebo.egg-info/SOURCES.txt'
running build_ext
Creating /home/alfredo/Documents/TE3003B/Week 1/Challenge/Puzzlebot_Gazebo_Simulator/install/puzzlebot_gazebo/lib/python3.8/site-packages/site.py
Creating /home/alfredo/Documents/TE3003B/Week 1/Challenge/Puzzlebot_Gazebo_Simulator/install/puzzlebot_gazebo/lib/python3.8/site-packages/puzzlebot-gazebo.egg-link (link to .)
Installing tf_map script to /home/alfredo/Documents/TE3003B/Week 1/Challenge/Puzzlebot_Gazebo_Simulator/install/puzzlebot_gazebo/lib/puzzlebot_gazebo

Installed /home/alfredo/Documents/TE3003B/Week 1/Challenge/Puzzlebot_Gazebo_Simulator/build/puzzlebot_gazebo
running install_data
creating /home/alfredo/Documents/TE3003B/Week 1/Challenge/Puzzlebot_Gazebo_Simulator/install/puzzlebot_gazebo/share/ament_index
creating /home/alfredo/Documents/TE3003B/Week 1/Challenge/Puzzlebot_Gazebo_Simulator/install/puzzlebot_gazebo/share/ament_index/resource_index
creating /home/alfredo/Documents/TE3003B/Week 1/Challenge/Puzzlebot_Gazebo_Simulator/install/puzzlebot_gazebo/share/ament_index/resource_index/packages
copying resource/puzzlebot_gazebo -> /home/alfredo/Documents/TE3003B/Week 1/Challenge/Puzzlebot_Gazebo_Simulator/install/puzzlebot_gazebo/share/ament_index/resource_index/packages
copying package.xml -> /home/alfredo/Documents/TE3003B/Week 1/Challenge/Puzzlebot_Gazebo_Simulator/install/puzzlebot_gazebo/share/puzzlebot_gazebo
