[0.410s] Invoking command in '/home/alfredo/Documents/TE3003B/Week 1/Challenge/Puzzlebot_Gazebo_Simulator/build/puzzlebot_gazebo': PYTHONPATH=/home/alfredo/Documents/TE3003B/Week 1/Challenge/Puzzlebot_Gazebo_Simulator/build/puzzlebot_gazebo/prefix_override:/home/alfredo/Documents/TE3003B/Week 1/Challenge/Puzzlebot_Gazebo_Simulator/install/puzzlebot_gazebo/lib/python3.8/site-packages:${PYTHONPATH} /usr/bin/python3 setup.py develop --editable --build-directory /home/alfredo/Documents/TE3003B/Week 1/Challenge/Puzzlebot_Gazebo_Simulator/build/puzzlebot_gazebo/build --no-deps install_data
[0.539s] running develop
[0.607s] running egg_info
[0.607s] creating puzzlebot_gazebo.egg-info
[0.607s] writing puzzlebot_gazebo.egg-info/PKG-INFO
[0.607s] writing dependency_links to puzzlebot_gazebo.egg-info/dependency_links.txt
[0.607s] writing entry points to puzzlebot_gazebo.egg-info/entry_points.txt
[0.607s] writing requirements to puzzlebot_gazebo.egg-info/requires.txt
[0.607s] writing top-level names to puzzlebot_gazebo.egg-info/top_level.txt
[0.608s] writing manifest file 'puzzlebot_gazebo.egg-info/SOURCES.txt'
[0.627s] reading manifest file 'puzzlebot_gazebo.egg-info/SOURCES.txt'
[0.628s] writing manifest file 'puzzlebot_gazebo.egg-info/SOURCES.txt'
[0.647s] running build_ext
[0.648s] Creating /home/alfredo/Documents/TE3003B/Week 1/Challenge/Puzzlebot_Gazebo_Simulator/install/puzzlebot_gazebo/lib/python3.8/site-packages/site.py
[0.649s] Creating /home/alfredo/Documents/TE3003B/Week 1/Challenge/Puzzlebot_Gazebo_Simulator/install/puzzlebot_gazebo/lib/python3.8/site-packages/puzzlebot-gazebo.egg-link (link to .)
[0.649s] Installing tf_map script to /home/alfredo/Documents/TE3003B/Week 1/Challenge/Puzzlebot_Gazebo_Simulator/install/puzzlebot_gazebo/lib/puzzlebot_gazebo
[0.649s] 
[0.649s] Installed /home/alfredo/Documents/TE3003B/Week 1/Challenge/Puzzlebot_Gazebo_Simulator/build/puzzlebot_gazebo
[0.650s] running install_data
[0.650s] creating /home/alfredo/Documents/TE3003B/Week 1/Challenge/Puzzlebot_Gazebo_Simulator/install/puzzlebot_gazebo/share/ament_index
[0.650s] creating /home/alfredo/Documents/TE3003B/Week 1/Challenge/Puzzlebot_Gazebo_Simulator/install/puzzlebot_gazebo/share/ament_index/resource_index
[0.650s] creating /home/alfredo/Documents/TE3003B/Week 1/Challenge/Puzzlebot_Gazebo_Simulator/install/puzzlebot_gazebo/share/ament_index/resource_index/packages
[0.650s] copying resource/puzzlebot_gazebo -> /home/alfredo/Documents/TE3003B/Week 1/Challenge/Puzzlebot_Gazebo_Simulator/install/puzzlebot_gazebo/share/ament_index/resource_index/packages
[0.650s] copying package.xml -> /home/alfredo/Documents/TE3003B/Week 1/Challenge/Puzzlebot_Gazebo_Simulator/install/puzzlebot_gazebo/share/puzzlebot_gazebo
[0.667s] Invoked command in '/home/alfredo/Documents/TE3003B/Week 1/Challenge/Puzzlebot_Gazebo_Simulator/build/puzzlebot_gazebo' returned '0': PYTHONPATH=/home/alfredo/Documents/TE3003B/Week 1/Challenge/Puzzlebot_Gazebo_Simulator/build/puzzlebot_gazebo/prefix_override:/home/alfredo/Documents/TE3003B/Week 1/Challenge/Puzzlebot_Gazebo_Simulator/install/puzzlebot_gazebo/lib/python3.8/site-packages:${PYTHONPATH} /usr/bin/python3 setup.py develop --editable --build-directory /home/alfredo/Documents/TE3003B/Week 1/Challenge/Puzzlebot_Gazebo_Simulator/build/puzzlebot_gazebo/build --no-deps install_data
