[0.172s] DEBUG:colcon:Command line arguments: ['/usr/bin/colcon', 'build', '--cmake-clean-cache', '--cmake-clean-first', '--symlink-install', '--packages-select', 'puzzlebot_gazebo']
[0.172s] DEBUG:colcon:Parsed command line arguments: Namespace(allow_overriding=[], ament_cmake_args=None, base_paths=['.'], build_base='build', catkin_cmake_args=None, catkin_skip_building_tests=False, cmake_args=None, cmake_clean_cache=True, cmake_clean_first=True, cmake_force_configure=False, cmake_target=None, cmake_target_skip_unavailable=False, continue_on_error=False, event_handlers=None, executor='parallel', ignore_user_meta=False, install_base='install', log_base=None, log_level=None, main=<bound method BuildVerb.main of <colcon_core.verb.build.BuildVerb object at 0x7f5d058a42e0>>, merge_install=False, metas=['./colcon.meta'], packages_above=None, packages_above_and_dependencies=None, packages_above_depth=None, packages_end=None, packages_ignore=None, packages_ignore_regex=None, packages_select=['puzzlebot_gazebo'], packages_select_build_failed=False, packages_select_by_dep=None, packages_select_regex=None, packages_select_test_failures=False, packages_skip=None, packages_skip_build_finished=False, packages_skip_by_dep=None, packages_skip_regex=None, packages_skip_test_passed=False, packages_skip_up_to=None, packages_start=None, packages_up_to=None, packages_up_to_regex=None, parallel_workers=8, paths=None, symlink_install=True, test_result_base=None, verb_extension=<colcon_core.verb.build.BuildVerb object at 0x7f5d058a42e0>, verb_name='build', verb_parser=<colcon_defaults.argument_parser.defaults.DefaultArgumentsDecorator object at 0x7f5d058a4820>)
[0.189s] Level 1:colcon.colcon_core.package_discovery:discover_packages(colcon_meta) check parameters
[0.189s] Level 1:colcon.colcon_core.package_discovery:discover_packages(recursive) check parameters
[0.189s] Level 1:colcon.colcon_core.package_discovery:discover_packages(ignore) check parameters
[0.189s] Level 1:colcon.colcon_core.package_discovery:discover_packages(path) check parameters
[0.189s] Level 1:colcon.colcon_core.package_discovery:discover_packages(colcon_meta) discover
[0.189s] Level 1:colcon.colcon_core.package_discovery:discover_packages(recursive) discover
[0.189s] INFO:colcon.colcon_core.package_discovery:Crawling recursively for packages in '/home/alfredo/Documents/TE3003B/Week 1/Challenge/Puzzlebot_Gazebo_Simulator'
[0.189s] Level 1:colcon.colcon_core.package_identification:_identify(.) by extensions ['ignore', 'ignore_ament_install']
[0.189s] Level 1:colcon.colcon_core.package_identification:_identify(.) by extension 'ignore'
[0.189s] Level 1:colcon.colcon_core.package_identification:_identify(.) by extension 'ignore_ament_install'
[0.189s] Level 1:colcon.colcon_core.package_identification:_identify(.) by extensions ['colcon_pkg']
[0.189s] Level 1:colcon.colcon_core.package_identification:_identify(.) by extension 'colcon_pkg'
[0.189s] Level 1:colcon.colcon_core.package_identification:_identify(.) by extensions ['colcon_meta']
[0.189s] Level 1:colcon.colcon_core.package_identification:_identify(.) by extension 'colcon_meta'
[0.189s] Level 1:colcon.colcon_core.package_identification:_identify(.) by extensions ['ros']
[0.189s] Level 1:colcon.colcon_core.package_identification:_identify(.) by extension 'ros'
[0.202s] Level 1:colcon.colcon_core.package_identification:_identify(.) by extensions ['cmake', 'python']
[0.202s] Level 1:colcon.colcon_core.package_identification:_identify(.) by extension 'cmake'
[0.202s] Level 1:colcon.colcon_core.package_identification:_identify(.) by extension 'python'
[0.202s] Level 1:colcon.colcon_core.package_identification:_identify(.) by extensions ['python_setup_py']
[0.202s] Level 1:colcon.colcon_core.package_identification:_identify(.) by extension 'python_setup_py'
[0.202s] Level 1:colcon.colcon_core.package_identification:_identify(build) by extensions ['ignore', 'ignore_ament_install']
[0.202s] Level 1:colcon.colcon_core.package_identification:_identify(build) by extension 'ignore'
[0.202s] Level 1:colcon.colcon_core.package_identification:_identify(build) ignored
[0.202s] Level 1:colcon.colcon_core.package_identification:_identify(install) by extensions ['ignore', 'ignore_ament_install']
[0.202s] Level 1:colcon.colcon_core.package_identification:_identify(install) by extension 'ignore'
[0.202s] Level 1:colcon.colcon_core.package_identification:_identify(install) ignored
[0.202s] Level 1:colcon.colcon_core.package_identification:_identify(log) by extensions ['ignore', 'ignore_ament_install']
[0.202s] Level 1:colcon.colcon_core.package_identification:_identify(log) by extension 'ignore'
[0.203s] Level 1:colcon.colcon_core.package_identification:_identify(log) ignored
[0.203s] Level 1:colcon.colcon_core.package_identification:_identify(src) by extensions ['ignore', 'ignore_ament_install']
[0.203s] Level 1:colcon.colcon_core.package_identification:_identify(src) by extension 'ignore'
[0.203s] Level 1:colcon.colcon_core.package_identification:_identify(src) by extension 'ignore_ament_install'
[0.203s] Level 1:colcon.colcon_core.package_identification:_identify(src) by extensions ['colcon_pkg']
[0.203s] Level 1:colcon.colcon_core.package_identification:_identify(src) by extension 'colcon_pkg'
[0.203s] Level 1:colcon.colcon_core.package_identification:_identify(src) by extensions ['colcon_meta']
[0.203s] Level 1:colcon.colcon_core.package_identification:_identify(src) by extension 'colcon_meta'
[0.203s] Level 1:colcon.colcon_core.package_identification:_identify(src) by extensions ['ros']
[0.203s] Level 1:colcon.colcon_core.package_identification:_identify(src) by extension 'ros'
[0.203s] Level 1:colcon.colcon_core.package_identification:_identify(src) by extensions ['cmake', 'python']
[0.203s] Level 1:colcon.colcon_core.package_identification:_identify(src) by extension 'cmake'
[0.203s] Level 1:colcon.colcon_core.package_identification:_identify(src) by extension 'python'
[0.203s] Level 1:colcon.colcon_core.package_identification:_identify(src) by extensions ['python_setup_py']
[0.203s] Level 1:colcon.colcon_core.package_identification:_identify(src) by extension 'python_setup_py'
[0.203s] Level 1:colcon.colcon_core.package_identification:_identify(src/puzzlebot_control) by extensions ['ignore', 'ignore_ament_install']
[0.203s] Level 1:colcon.colcon_core.package_identification:_identify(src/puzzlebot_control) by extension 'ignore'
[0.203s] Level 1:colcon.colcon_core.package_identification:_identify(src/puzzlebot_control) by extension 'ignore_ament_install'
[0.203s] Level 1:colcon.colcon_core.package_identification:_identify(src/puzzlebot_control) by extensions ['colcon_pkg']
[0.203s] Level 1:colcon.colcon_core.package_identification:_identify(src/puzzlebot_control) by extension 'colcon_pkg'
[0.203s] Level 1:colcon.colcon_core.package_identification:_identify(src/puzzlebot_control) by extensions ['colcon_meta']
[0.203s] Level 1:colcon.colcon_core.package_identification:_identify(src/puzzlebot_control) by extension 'colcon_meta'
[0.203s] Level 1:colcon.colcon_core.package_identification:_identify(src/puzzlebot_control) by extensions ['ros']
[0.203s] Level 1:colcon.colcon_core.package_identification:_identify(src/puzzlebot_control) by extension 'ros'
[0.205s] DEBUG:colcon.colcon_core.package_identification:Package 'src/puzzlebot_control' with type 'ros.catkin' and name 'puzzlebot_control'
[0.205s] Level 1:colcon.colcon_core.package_identification:_identify(src/puzzlebot_gazebo) by extensions ['ignore', 'ignore_ament_install']
[0.205s] Level 1:colcon.colcon_core.package_identification:_identify(src/puzzlebot_gazebo) by extension 'ignore'
[0.205s] Level 1:colcon.colcon_core.package_identification:_identify(src/puzzlebot_gazebo) by extension 'ignore_ament_install'
[0.205s] Level 1:colcon.colcon_core.package_identification:_identify(src/puzzlebot_gazebo) by extensions ['colcon_pkg']
[0.205s] Level 1:colcon.colcon_core.package_identification:_identify(src/puzzlebot_gazebo) by extension 'colcon_pkg'
[0.205s] Level 1:colcon.colcon_core.package_identification:_identify(src/puzzlebot_gazebo) by extensions ['colcon_meta']
[0.205s] Level 1:colcon.colcon_core.package_identification:_identify(src/puzzlebot_gazebo) by extension 'colcon_meta'
[0.205s] Level 1:colcon.colcon_core.package_identification:_identify(src/puzzlebot_gazebo) by extensions ['ros']
[0.205s] Level 1:colcon.colcon_core.package_identification:_identify(src/puzzlebot_gazebo) by extension 'ros'
[0.205s] DEBUG:colcon.colcon_core.package_identification:Package 'src/puzzlebot_gazebo' with type 'ros.ament_python' and name 'puzzlebot_gazebo'
[0.205s] Level 1:colcon.colcon_core.package_identification:_identify(src/puzzlebot_world) by extensions ['ignore', 'ignore_ament_install']
[0.206s] Level 1:colcon.colcon_core.package_identification:_identify(src/puzzlebot_world) by extension 'ignore'
[0.206s] Level 1:colcon.colcon_core.package_identification:_identify(src/puzzlebot_world) by extension 'ignore_ament_install'
[0.206s] Level 1:colcon.colcon_core.package_identification:_identify(src/puzzlebot_world) by extensions ['colcon_pkg']
[0.206s] Level 1:colcon.colcon_core.package_identification:_identify(src/puzzlebot_world) by extension 'colcon_pkg'
[0.206s] Level 1:colcon.colcon_core.package_identification:_identify(src/puzzlebot_world) by extensions ['colcon_meta']
[0.206s] Level 1:colcon.colcon_core.package_identification:_identify(src/puzzlebot_world) by extension 'colcon_meta'
[0.206s] Level 1:colcon.colcon_core.package_identification:_identify(src/puzzlebot_world) by extensions ['ros']
[0.206s] Level 1:colcon.colcon_core.package_identification:_identify(src/puzzlebot_world) by extension 'ros'
[0.206s] DEBUG:colcon.colcon_core.package_identification:Package 'src/puzzlebot_world' with type 'ros.catkin' and name 'puzzlebot_world'
[0.206s] Level 1:colcon.colcon_core.package_identification:_identify(src/testtt) by extensions ['ignore', 'ignore_ament_install']
[0.206s] Level 1:colcon.colcon_core.package_identification:_identify(src/testtt) by extension 'ignore'
[0.206s] Level 1:colcon.colcon_core.package_identification:_identify(src/testtt) by extension 'ignore_ament_install'
[0.206s] Level 1:colcon.colcon_core.package_identification:_identify(src/testtt) by extensions ['colcon_pkg']
[0.206s] Level 1:colcon.colcon_core.package_identification:_identify(src/testtt) by extension 'colcon_pkg'
[0.206s] Level 1:colcon.colcon_core.package_identification:_identify(src/testtt) by extensions ['colcon_meta']
[0.206s] Level 1:colcon.colcon_core.package_identification:_identify(src/testtt) by extension 'colcon_meta'
[0.206s] Level 1:colcon.colcon_core.package_identification:_identify(src/testtt) by extensions ['ros']
[0.206s] Level 1:colcon.colcon_core.package_identification:_identify(src/testtt) by extension 'ros'
[0.207s] DEBUG:colcon.colcon_core.package_identification:Package 'src/testtt' with type 'ros.ament_python' and name 'testtt'
[0.207s] Level 1:colcon.colcon_core.package_discovery:discover_packages(recursive) using defaults
[0.207s] Level 1:colcon.colcon_core.package_discovery:discover_packages(ignore) discover
[0.207s] Level 1:colcon.colcon_core.package_discovery:discover_packages(ignore) using defaults
[0.207s] Level 1:colcon.colcon_core.package_discovery:discover_packages(path) discover
[0.207s] Level 1:colcon.colcon_core.package_discovery:discover_packages(path) using defaults
[0.229s] INFO:colcon.colcon_core.package_selection:Skipping not selected package 'puzzlebot_control' in 'src/puzzlebot_control'
[0.230s] INFO:colcon.colcon_core.package_selection:Skipping not selected package 'puzzlebot_world' in 'src/puzzlebot_world'
[0.230s] INFO:colcon.colcon_core.package_selection:Skipping not selected package 'testtt' in 'src/testtt'
[0.230s] Level 1:colcon.colcon_core.package_discovery:discover_packages(prefix_path) check parameters
[0.230s] Level 1:colcon.colcon_core.package_discovery:discover_packages(prefix_path) discover
[0.232s] DEBUG:colcon.colcon_installed_package_information.package_discovery:Found 256 installed packages in /opt/ros/foxy
[0.232s] Level 1:colcon.colcon_core.package_discovery:discover_packages(prefix_path) using defaults
[0.270s] Level 5:colcon.colcon_core.verb:set package 'puzzlebot_gazebo' build argument 'cmake_args' from command line to 'None'
[0.270s] Level 5:colcon.colcon_core.verb:set package 'puzzlebot_gazebo' build argument 'cmake_target' from command line to 'None'
[0.270s] Level 5:colcon.colcon_core.verb:set package 'puzzlebot_gazebo' build argument 'cmake_target_skip_unavailable' from command line to 'False'
[0.270s] Level 5:colcon.colcon_core.verb:set package 'puzzlebot_gazebo' build argument 'cmake_clean_cache' from command line to 'True'
[0.270s] Level 5:colcon.colcon_core.verb:set package 'puzzlebot_gazebo' build argument 'cmake_clean_first' from command line to 'True'
[0.270s] Level 5:colcon.colcon_core.verb:set package 'puzzlebot_gazebo' build argument 'cmake_force_configure' from command line to 'False'
[0.270s] Level 5:colcon.colcon_core.verb:set package 'puzzlebot_gazebo' build argument 'ament_cmake_args' from command line to 'None'
[0.270s] Level 5:colcon.colcon_core.verb:set package 'puzzlebot_gazebo' build argument 'catkin_cmake_args' from command line to 'None'
[0.270s] Level 5:colcon.colcon_core.verb:set package 'puzzlebot_gazebo' build argument 'catkin_skip_building_tests' from command line to 'False'
[0.270s] DEBUG:colcon.colcon_core.verb:Building package 'puzzlebot_gazebo' with the following arguments: {'ament_cmake_args': None, 'build_base': '/home/alfredo/Documents/TE3003B/Week 1/Challenge/Puzzlebot_Gazebo_Simulator/build/puzzlebot_gazebo', 'catkin_cmake_args': None, 'catkin_skip_building_tests': False, 'cmake_args': None, 'cmake_clean_cache': True, 'cmake_clean_first': True, 'cmake_force_configure': False, 'cmake_target': None, 'cmake_target_skip_unavailable': False, 'install_base': '/home/alfredo/Documents/TE3003B/Week 1/Challenge/Puzzlebot_Gazebo_Simulator/install/puzzlebot_gazebo', 'merge_install': False, 'path': '/home/alfredo/Documents/TE3003B/Week 1/Challenge/Puzzlebot_Gazebo_Simulator/src/puzzlebot_gazebo', 'symlink_install': True, 'test_result_base': None}
[0.270s] INFO:colcon.colcon_core.executor:Executing jobs using 'parallel' executor
[0.273s] DEBUG:colcon.colcon_parallel_executor.executor.parallel:run_until_complete
[0.273s] INFO:colcon.colcon_ros.task.ament_python.build:Building ROS package in '/home/alfredo/Documents/TE3003B/Week 1/Challenge/Puzzlebot_Gazebo_Simulator/src/puzzlebot_gazebo' with build type 'ament_python'
[0.273s] Level 1:colcon.colcon_core.shell:create_environment_hook('puzzlebot_gazebo', 'ament_prefix_path')
[0.276s] INFO:colcon.colcon_core.plugin_system:Skipping extension 'colcon_core.shell.bat': Not used on non-Windows systems
[0.276s] INFO:colcon.colcon_core.shell:Creating environment hook '/home/alfredo/Documents/TE3003B/Week 1/Challenge/Puzzlebot_Gazebo_Simulator/install/puzzlebot_gazebo/share/puzzlebot_gazebo/hook/ament_prefix_path.ps1'
[0.277s] INFO:colcon.colcon_core.shell:Creating environment descriptor '/home/alfredo/Documents/TE3003B/Week 1/Challenge/Puzzlebot_Gazebo_Simulator/install/puzzlebot_gazebo/share/puzzlebot_gazebo/hook/ament_prefix_path.dsv'
[0.277s] INFO:colcon.colcon_core.shell:Creating environment hook '/home/alfredo/Documents/TE3003B/Week 1/Challenge/Puzzlebot_Gazebo_Simulator/install/puzzlebot_gazebo/share/puzzlebot_gazebo/hook/ament_prefix_path.sh'
[0.278s] INFO:colcon.colcon_core.shell:Skip shell extension 'powershell' for command environment: Not usable outside of PowerShell
[0.278s] DEBUG:colcon.colcon_core.shell:Skip shell extension 'dsv' for command environment
[0.408s] INFO:colcon.colcon_core.task.python.build:Building Python package in '/home/alfredo/Documents/TE3003B/Week 1/Challenge/Puzzlebot_Gazebo_Simulator/src/puzzlebot_gazebo'
[0.410s] INFO:colcon.colcon_core.shell:Skip shell extension 'powershell' for command environment: Not usable outside of PowerShell
[0.410s] DEBUG:colcon.colcon_core.shell:Skip shell extension 'dsv' for command environment
[0.684s] DEBUG:colcon.colcon_core.event_handler.log_command:Invoking command in '/home/alfredo/Documents/TE3003B/Week 1/Challenge/Puzzlebot_Gazebo_Simulator/build/puzzlebot_gazebo': PYTHONPATH=/home/alfredo/Documents/TE3003B/Week 1/Challenge/Puzzlebot_Gazebo_Simulator/build/puzzlebot_gazebo/prefix_override:/home/alfredo/Documents/TE3003B/Week 1/Challenge/Puzzlebot_Gazebo_Simulator/install/puzzlebot_gazebo/lib/python3.8/site-packages:${PYTHONPATH} /usr/bin/python3 setup.py develop --editable --build-directory /home/alfredo/Documents/TE3003B/Week 1/Challenge/Puzzlebot_Gazebo_Simulator/build/puzzlebot_gazebo/build --no-deps install_data
[0.940s] Level 1:colcon.colcon_core.shell:create_environment_hook('puzzlebot_gazebo', 'pythonpath_develop')
[0.940s] DEBUG:colcon.colcon_core.event_handler.log_command:Invoked command in '/home/alfredo/Documents/TE3003B/Week 1/Challenge/Puzzlebot_Gazebo_Simulator/build/puzzlebot_gazebo' returned '0': PYTHONPATH=/home/alfredo/Documents/TE3003B/Week 1/Challenge/Puzzlebot_Gazebo_Simulator/build/puzzlebot_gazebo/prefix_override:/home/alfredo/Documents/TE3003B/Week 1/Challenge/Puzzlebot_Gazebo_Simulator/install/puzzlebot_gazebo/lib/python3.8/site-packages:${PYTHONPATH} /usr/bin/python3 setup.py develop --editable --build-directory /home/alfredo/Documents/TE3003B/Week 1/Challenge/Puzzlebot_Gazebo_Simulator/build/puzzlebot_gazebo/build --no-deps install_data
[0.941s] INFO:colcon.colcon_core.shell:Creating environment hook '/home/alfredo/Documents/TE3003B/Week 1/Challenge/Puzzlebot_Gazebo_Simulator/build/puzzlebot_gazebo/share/puzzlebot_gazebo/hook/pythonpath_develop.ps1'
[0.942s] INFO:colcon.colcon_core.shell:Creating environment descriptor '/home/alfredo/Documents/TE3003B/Week 1/Challenge/Puzzlebot_Gazebo_Simulator/build/puzzlebot_gazebo/share/puzzlebot_gazebo/hook/pythonpath_develop.dsv'
[0.942s] INFO:colcon.colcon_core.shell:Creating environment hook '/home/alfredo/Documents/TE3003B/Week 1/Challenge/Puzzlebot_Gazebo_Simulator/build/puzzlebot_gazebo/share/puzzlebot_gazebo/hook/pythonpath_develop.sh'
[0.947s] Level 1:colcon.colcon_core.environment:checking '/home/alfredo/Documents/TE3003B/Week 1/Challenge/Puzzlebot_Gazebo_Simulator/install/puzzlebot_gazebo' for CMake module files
[0.947s] Level 1:colcon.colcon_core.environment:checking '/home/alfredo/Documents/TE3003B/Week 1/Challenge/Puzzlebot_Gazebo_Simulator/install/puzzlebot_gazebo' for CMake config files
[0.948s] Level 1:colcon.colcon_core.environment:checking '/home/alfredo/Documents/TE3003B/Week 1/Challenge/Puzzlebot_Gazebo_Simulator/install/puzzlebot_gazebo/lib'
[0.948s] Level 1:colcon.colcon_core.environment:checking '/home/alfredo/Documents/TE3003B/Week 1/Challenge/Puzzlebot_Gazebo_Simulator/install/puzzlebot_gazebo/bin'
[0.948s] Level 1:colcon.colcon_core.environment:checking '/home/alfredo/Documents/TE3003B/Week 1/Challenge/Puzzlebot_Gazebo_Simulator/install/puzzlebot_gazebo/lib/pkgconfig/puzzlebot_gazebo.pc'
[0.948s] Level 1:colcon.colcon_core.environment:checking '/home/alfredo/Documents/TE3003B/Week 1/Challenge/Puzzlebot_Gazebo_Simulator/install/puzzlebot_gazebo/lib/python3.8/site-packages'
[0.948s] Level 1:colcon.colcon_core.shell:create_environment_hook('puzzlebot_gazebo', 'pythonpath')
[0.949s] INFO:colcon.colcon_core.shell:Creating environment hook '/home/alfredo/Documents/TE3003B/Week 1/Challenge/Puzzlebot_Gazebo_Simulator/install/puzzlebot_gazebo/share/puzzlebot_gazebo/hook/pythonpath.ps1'
[0.949s] INFO:colcon.colcon_core.shell:Creating environment descriptor '/home/alfredo/Documents/TE3003B/Week 1/Challenge/Puzzlebot_Gazebo_Simulator/install/puzzlebot_gazebo/share/puzzlebot_gazebo/hook/pythonpath.dsv'
[0.949s] INFO:colcon.colcon_core.shell:Creating environment hook '/home/alfredo/Documents/TE3003B/Week 1/Challenge/Puzzlebot_Gazebo_Simulator/install/puzzlebot_gazebo/share/puzzlebot_gazebo/hook/pythonpath.sh'
[0.949s] Level 1:colcon.colcon_core.environment:checking '/home/alfredo/Documents/TE3003B/Week 1/Challenge/Puzzlebot_Gazebo_Simulator/install/puzzlebot_gazebo/bin'
[0.949s] Level 1:colcon.colcon_core.environment:create_environment_scripts_only(puzzlebot_gazebo)
[0.950s] INFO:colcon.colcon_core.shell:Creating package script '/home/alfredo/Documents/TE3003B/Week 1/Challenge/Puzzlebot_Gazebo_Simulator/install/puzzlebot_gazebo/share/puzzlebot_gazebo/package.ps1'
[0.951s] INFO:colcon.colcon_core.shell:Creating package descriptor '/home/alfredo/Documents/TE3003B/Week 1/Challenge/Puzzlebot_Gazebo_Simulator/install/puzzlebot_gazebo/share/puzzlebot_gazebo/package.dsv'
[0.951s] INFO:colcon.colcon_core.shell:Creating package script '/home/alfredo/Documents/TE3003B/Week 1/Challenge/Puzzlebot_Gazebo_Simulator/install/puzzlebot_gazebo/share/puzzlebot_gazebo/package.sh'
[0.951s] INFO:colcon.colcon_core.shell:Creating package script '/home/alfredo/Documents/TE3003B/Week 1/Challenge/Puzzlebot_Gazebo_Simulator/install/puzzlebot_gazebo/share/puzzlebot_gazebo/package.bash'
[0.952s] INFO:colcon.colcon_core.shell:Creating package script '/home/alfredo/Documents/TE3003B/Week 1/Challenge/Puzzlebot_Gazebo_Simulator/install/puzzlebot_gazebo/share/puzzlebot_gazebo/package.zsh'
[0.952s] Level 1:colcon.colcon_core.environment:create_file_with_runtime_dependencies(/home/alfredo/Documents/TE3003B/Week 1/Challenge/Puzzlebot_Gazebo_Simulator/install/puzzlebot_gazebo/share/colcon-core/packages/puzzlebot_gazebo)
[0.952s] DEBUG:colcon.colcon_parallel_executor.executor.parallel:closing loop
[0.953s] DEBUG:colcon.colcon_parallel_executor.executor.parallel:loop closed
[0.953s] DEBUG:colcon.colcon_parallel_executor.executor.parallel:run_until_complete finished with '0'
[0.953s] DEBUG:colcon.colcon_core.event_reactor:joining thread
[0.956s] INFO:colcon.colcon_core.plugin_system:Skipping extension 'colcon_notification.desktop_notification.terminal_notifier': Not used on non-Darwin systems
[0.956s] INFO:colcon.colcon_core.plugin_system:Skipping extension 'colcon_notification.desktop_notification.win32': Not used on non-Windows systems
[0.956s] INFO:colcon.colcon_notification.desktop_notification:Sending desktop notification using 'notify2'
[0.969s] DEBUG:colcon.colcon_core.event_reactor:joined thread
[0.970s] INFO:colcon.colcon_core.shell:Creating prefix script '/home/alfredo/Documents/TE3003B/Week 1/Challenge/Puzzlebot_Gazebo_Simulator/install/local_setup.ps1'
[0.971s] INFO:colcon.colcon_core.shell:Creating prefix util module '/home/alfredo/Documents/TE3003B/Week 1/Challenge/Puzzlebot_Gazebo_Simulator/install/_local_setup_util_ps1.py'
[0.972s] INFO:colcon.colcon_core.shell:Creating prefix chain script '/home/alfredo/Documents/TE3003B/Week 1/Challenge/Puzzlebot_Gazebo_Simulator/install/setup.ps1'
[0.973s] INFO:colcon.colcon_core.shell:Creating prefix script '/home/alfredo/Documents/TE3003B/Week 1/Challenge/Puzzlebot_Gazebo_Simulator/install/local_setup.sh'
[0.974s] INFO:colcon.colcon_core.shell:Creating prefix util module '/home/alfredo/Documents/TE3003B/Week 1/Challenge/Puzzlebot_Gazebo_Simulator/install/_local_setup_util_sh.py'
[0.974s] INFO:colcon.colcon_core.shell:Creating prefix chain script '/home/alfredo/Documents/TE3003B/Week 1/Challenge/Puzzlebot_Gazebo_Simulator/install/setup.sh'
[0.975s] INFO:colcon.colcon_core.shell:Creating prefix script '/home/alfredo/Documents/TE3003B/Week 1/Challenge/Puzzlebot_Gazebo_Simulator/install/local_setup.bash'
[0.975s] INFO:colcon.colcon_core.shell:Creating prefix chain script '/home/alfredo/Documents/TE3003B/Week 1/Challenge/Puzzlebot_Gazebo_Simulator/install/setup.bash'
[0.976s] INFO:colcon.colcon_core.shell:Creating prefix script '/home/alfredo/Documents/TE3003B/Week 1/Challenge/Puzzlebot_Gazebo_Simulator/install/local_setup.zsh'
[0.976s] INFO:colcon.colcon_core.shell:Creating prefix chain script '/home/alfredo/Documents/TE3003B/Week 1/Challenge/Puzzlebot_Gazebo_Simulator/install/setup.zsh'
