running develop
running egg_info
creating puzzlebot_world.egg-info
writing puzzlebot_world.egg-info/PKG-INFO
writing dependency_links to puzzlebot_world.egg-info/dependency_links.txt
writing entry points to puzzlebot_world.egg-info/entry_points.txt
writing requirements to puzzlebot_world.egg-info/requires.txt
writing top-level names to puzzlebot_world.egg-info/top_level.txt
writing manifest file 'puzzlebot_world.egg-info/SOURCES.txt'
reading manifest file 'puzzlebot_world.egg-info/SOURCES.txt'
writing manifest file 'puzzlebot_world.egg-info/SOURCES.txt'
running build_ext
Creating /home/alfredo/Documents/TE3003B/Week 1/Challenge/Puzzlebot_Gazebo_Simulator/install/puzzlebot_world/lib/python3.8/site-packages/site.py
Creating /home/alfredo/Documents/TE3003B/Week 1/Challenge/Puzzlebot_Gazebo_Simulator/install/puzzlebot_world/lib/python3.8/site-packages/puzzlebot-world.egg-link (link to .)

Installed /home/alfredo/Documents/TE3003B/Week 1/Challenge/Puzzlebot_Gazebo_Simulator/build/puzzlebot_world
running install_data
creating /home/alfredo/Documents/TE3003B/Week 1/Challenge/Puzzlebot_Gazebo_Simulator/install/puzzlebot_world/share/puzzlebot_world/launch
copying launch/puzzlebot_simple_world.launch -> /home/alfredo/Documents/TE3003B/Week 1/Challenge/Puzzlebot_Gazebo_Simulator/install/puzzlebot_world/share/puzzlebot_world/launch
copying launch/world_editor.launch -> /home/alfredo/Documents/TE3003B/Week 1/Challenge/Puzzlebot_Gazebo_Simulator/install/puzzlebot_world/share/puzzlebot_world/launch
creating /home/alfredo/Documents/TE3003B/Week 1/Challenge/Puzzlebot_Gazebo_Simulator/install/puzzlebot_world/share/puzzlebot_world/worlds
copying worlds/track.sdf -> /home/alfredo/Documents/TE3003B/Week 1/Challenge/Puzzlebot_Gazebo_Simulator/install/puzzlebot_world/share/puzzlebot_world/worlds
creating /home/alfredo/Documents/TE3003B/Week 1/Challenge/Puzzlebot_Gazebo_Simulator/install/puzzlebot_world/share/puzzlebot_world/meshes
