[1.255s] Invoking command in '/home/alfredo/Documents/TE3003B/Week 1/Challenge/Puzzlebot_Gazebo_Simulator/build/puzzlebot_world': PYTHONPATH=/home/alfredo/Documents/TE3003B/Week 1/Challenge/Puzzlebot_Gazebo_Simulator/build/puzzlebot_world/prefix_override:/home/alfredo/Documents/TE3003B/Week 1/Challenge/Puzzlebot_Gazebo_Simulator/install/puzzlebot_world/lib/python3.8/site-packages:${PYTHONPATH} /usr/bin/python3 setup.py develop --editable --build-directory /home/alfredo/Documents/TE3003B/Week 1/Challenge/Puzzlebot_Gazebo_Simulator/build/puzzlebot_world/build --no-deps install_data
[1.690s] running develop
[1.921s] running egg_info
[1.921s] creating puzzlebot_world.egg-info
[1.921s] writing puzzlebot_world.egg-info/PKG-INFO
[1.921s] writing dependency_links to puzzlebot_world.egg-info/dependency_links.txt
[1.922s] writing entry points to puzzlebot_world.egg-info/entry_points.txt
[1.922s] writing requirements to puzzlebot_world.egg-info/requires.txt
[1.922s] writing top-level names to puzzlebot_world.egg-info/top_level.txt
[1.924s] writing manifest file 'puzzlebot_world.egg-info/SOURCES.txt'
[1.987s] package init file 'puzzlebot_world/__init__.py' not found (or not a regular file)
[1.988s] reading manifest file 'puzzlebot_world.egg-info/SOURCES.txt'
[1.990s] writing manifest file 'puzzlebot_world.egg-info/SOURCES.txt'
[2.055s] running build_ext
[2.056s] Creating /home/alfredo/Documents/TE3003B/Week 1/Challenge/Puzzlebot_Gazebo_Simulator/install/puzzlebot_world/lib/python3.8/site-packages/site.py
[2.059s] Creating /home/alfredo/Documents/TE3003B/Week 1/Challenge/Puzzlebot_Gazebo_Simulator/install/puzzlebot_world/lib/python3.8/site-packages/puzzlebot-world.egg-link (link to .)
[2.061s] 
[2.061s] Installed /home/alfredo/Documents/TE3003B/Week 1/Challenge/Puzzlebot_Gazebo_Simulator/build/puzzlebot_world
[2.061s] running install_data
[2.061s] creating /home/alfredo/Documents/TE3003B/Week 1/Challenge/Puzzlebot_Gazebo_Simulator/install/puzzlebot_world/share/puzzlebot_world/launch
[2.061s] copying launch/puzzlebot_simple_world.launch -> /home/alfredo/Documents/TE3003B/Week 1/Challenge/Puzzlebot_Gazebo_Simulator/install/puzzlebot_world/share/puzzlebot_world/launch
[2.061s] copying launch/world_editor.launch -> /home/alfredo/Documents/TE3003B/Week 1/Challenge/Puzzlebot_Gazebo_Simulator/install/puzzlebot_world/share/puzzlebot_world/launch
[2.062s] creating /home/alfredo/Documents/TE3003B/Week 1/Challenge/Puzzlebot_Gazebo_Simulator/install/puzzlebot_world/share/puzzlebot_world/worlds
[2.062s] copying worlds/track.sdf -> /home/alfredo/Documents/TE3003B/Week 1/Challenge/Puzzlebot_Gazebo_Simulator/install/puzzlebot_world/share/puzzlebot_world/worlds
[2.062s] creating /home/alfredo/Documents/TE3003B/Week 1/Challenge/Puzzlebot_Gazebo_Simulator/install/puzzlebot_world/share/puzzlebot_world/meshes
[2.125s] Invoked command in '/home/alfredo/Documents/TE3003B/Week 1/Challenge/Puzzlebot_Gazebo_Simulator/build/puzzlebot_world' returned '0': PYTHONPATH=/home/alfredo/Documents/TE3003B/Week 1/Challenge/Puzzlebot_Gazebo_Simulator/build/puzzlebot_world/prefix_override:/home/alfredo/Documents/TE3003B/Week 1/Challenge/Puzzlebot_Gazebo_Simulator/install/puzzlebot_world/lib/python3.8/site-packages:${PYTHONPATH} /usr/bin/python3 setup.py develop --editable --build-directory /home/alfredo/Documents/TE3003B/Week 1/Challenge/Puzzlebot_Gazebo_Simulator/build/puzzlebot_world/build --no-deps install_data
